{"D:\\Personal Documents\\GitHub Repositories\\CompactIgnore\\src\\parsers\\helpers.js": {"path":"D:\\Personal Documents\\GitHub Repositories\\CompactIgnore\\src\\parsers\\helpers.js","statementMap":{"0":{"start":{"line":2,"column":2},"end":{"line":6,"column":3}},"1":{"start":{"line":3,"column":4},"end":{"line":3,"column":16}},"2":{"start":{"line":5,"column":4},"end":{"line":5,"column":17}},"3":{"start":{"line":10,"column":23},"end":{"line":10,"column":65}},"4":{"start":{"line":11,"column":2},"end":{"line":11,"column":41}},"5":{"start":{"line":12,"column":2},"end":{"line":12,"column":24}},"6":{"start":{"line":18,"column":16},"end":{"line":18,"column":32}},"7":{"start":{"line":19,"column":2},"end":{"line":19,"column":29}},"8":{"start":{"line":20,"column":2},"end":{"line":20,"column":17}},"9":{"start":{"line":24,"column":16},"end":{"line":24,"column":34}},"10":{"start":{"line":25,"column":18},"end":{"line":25,"column":20}},"11":{"start":{"line":27,"column":2},"end":{"line":31,"column":3}},"12":{"start":{"line":28,"column":4},"end":{"line":28,"column":31}},"13":{"start":{"line":29,"column":9},"end":{"line":31,"column":3}},"14":{"start":{"line":30,"column":4},"end":{"line":30,"column":32}},"15":{"start":{"line":32,"column":2},"end":{"line":32,"column":19}},"16":{"start":{"line":36,"column":16},"end":{"line":36,"column":34}},"17":{"start":{"line":37,"column":21},"end":{"line":37,"column":43}},"18":{"start":{"line":39,"column":2},"end":{"line":39,"column":55}},"19":{"start":{"line":46,"column":22},"end":{"line":46,"column":28}},"20":{"start":{"line":48,"column":2},"end":{"line":50,"column":3}},"21":{"start":{"line":49,"column":4},"end":{"line":49,"column":41}},"22":{"start":{"line":52,"column":2},"end":{"line":54,"column":3}},"23":{"start":{"line":53,"column":4},"end":{"line":53,"column":41}},"24":{"start":{"line":56,"column":2},"end":{"line":56,"column":23}},"25":{"start":{"line":60,"column":18},"end":{"line":60,"column":20}},"26":{"start":{"line":62,"column":2},"end":{"line":64,"column":3}},"27":{"start":{"line":63,"column":4},"end":{"line":63,"column":49}},"28":{"start":{"line":66,"column":2},"end":{"line":72,"column":3}},"29":{"start":{"line":67,"column":4},"end":{"line":71,"column":5}},"30":{"start":{"line":68,"column":6},"end":{"line":68,"column":69}},"31":{"start":{"line":70,"column":6},"end":{"line":70,"column":71}},"32":{"start":{"line":73,"column":2},"end":{"line":73,"column":19}},"33":{"start":{"line":76,"column":0},"end":{"line":84,"column":2}}},"fnMap":{"0":{"name":"isNotNull","decl":{"start":{"line":1,"column":9},"end":{"line":1,"column":18}},"loc":{"start":{"line":1,"column":28},"end":{"line":7,"column":1}},"line":1},"1":{"name":"sanatize","decl":{"start":{"line":9,"column":9},"end":{"line":9,"column":17}},"loc":{"start":{"line":9,"column":26},"end":{"line":13,"column":1}},"line":9},"2":{"name":"gitLikeAddComment","decl":{"start":{"line":17,"column":9},"end":{"line":17,"column":26}},"loc":{"start":{"line":17,"column":35},"end":{"line":21,"column":1}},"line":17},"3":{"name":"gitLikeAddEntryNoEscape","decl":{"start":{"line":23,"column":9},"end":{"line":23,"column":32}},"loc":{"start":{"line":23,"column":51},"end":{"line":33,"column":1}},"line":23},"4":{"name":"gitLikeAddEntryEscape","decl":{"start":{"line":35,"column":9},"end":{"line":35,"column":30}},"loc":{"start":{"line":35,"column":49},"end":{"line":40,"column":1}},"line":35},"5":{"name":"gitLikeEscape","decl":{"start":{"line":42,"column":9},"end":{"line":42,"column":22}},"loc":{"start":{"line":42,"column":31},"end":{"line":57,"column":1}},"line":42},"6":{"name":"gitLikeInjest","decl":{"start":{"line":59,"column":9},"end":{"line":59,"column":22}},"loc":{"start":{"line":59,"column":39},"end":{"line":74,"column":1}},"line":59}},"branchMap":{"0":{"loc":{"start":{"line":2,"column":2},"end":{"line":6,"column":3}},"type":"if","locations":[{"start":{"line":2,"column":2},"end":{"line":6,"column":3}},{"start":{"line":4,"column":9},"end":{"line":6,"column":3}}],"line":2},"1":{"loc":{"start":{"line":27,"column":2},"end":{"line":31,"column":3}},"type":"if","locations":[{"start":{"line":27,"column":2},"end":{"line":31,"column":3}},{"start":{"line":29,"column":9},"end":{"line":31,"column":3}}],"line":27},"2":{"loc":{"start":{"line":29,"column":9},"end":{"line":31,"column":3}},"type":"if","locations":[{"start":{"line":29,"column":9},"end":{"line":31,"column":3}},{"start":{},"end":{}}],"line":29},"3":{"loc":{"start":{"line":48,"column":2},"end":{"line":50,"column":3}},"type":"if","locations":[{"start":{"line":48,"column":2},"end":{"line":50,"column":3}},{"start":{},"end":{}}],"line":48},"4":{"loc":{"start":{"line":52,"column":2},"end":{"line":54,"column":3}},"type":"if","locations":[{"start":{"line":52,"column":2},"end":{"line":54,"column":3}},{"start":{},"end":{}}],"line":52},"5":{"loc":{"start":{"line":62,"column":2},"end":{"line":64,"column":3}},"type":"if","locations":[{"start":{"line":62,"column":2},"end":{"line":64,"column":3}},{"start":{},"end":{}}],"line":62},"6":{"loc":{"start":{"line":66,"column":2},"end":{"line":72,"column":3}},"type":"if","locations":[{"start":{"line":66,"column":2},"end":{"line":72,"column":3}},{"start":{},"end":{}}],"line":66},"7":{"loc":{"start":{"line":66,"column":6},"end":{"line":66,"column":56}},"type":"binary-expr","locations":[{"start":{"line":66,"column":6},"end":{"line":66,"column":28}},{"start":{"line":66,"column":32},"end":{"line":66,"column":56}}],"line":66},"8":{"loc":{"start":{"line":67,"column":4},"end":{"line":71,"column":5}},"type":"if","locations":[{"start":{"line":67,"column":4},"end":{"line":71,"column":5}},{"start":{"line":69,"column":11},"end":{"line":71,"column":5}}],"line":67}},"s":{"0":1,"1":1,"2":0,"3":1,"4":1,"5":1,"6":1,"7":1,"8":1,"9":0,"10":0,"11":0,"12":0,"13":0,"14":0,"15":0,"16":0,"17":0,"18":0,"19":0,"20":0,"21":0,"22":0,"23":0,"24":0,"25":0,"26":0,"27":0,"28":0,"29":0,"30":0,"31":0,"32":0,"33":1},"f":{"0":1,"1":1,"2":1,"3":0,"4":0,"5":0,"6":0},"b":{"0":[1,0],"1":[0,0],"2":[0,0],"3":[0,0],"4":[0,0],"5":[0,0],"6":[0,0],"7":[0,0],"8":[0,0]},"_coverageSchema":"1a1c01bbd47fc00a2c39e90264f33305004495a9","hash":"0c8e9d7e8bf4bd200c54b5750e4821554bb9bba7"}
}
