{"/home/runner/work/CompactIgnore/CompactIgnore/src/parsers/helpers.js": {"path":"/home/runner/work/CompactIgnore/CompactIgnore/src/parsers/helpers.js","statementMap":{"0":{"start":{"line":2,"column":2},"end":{"line":6,"column":3}},"1":{"start":{"line":3,"column":4},"end":{"line":3,"column":16}},"2":{"start":{"line":5,"column":4},"end":{"line":5,"column":17}},"3":{"start":{"line":10,"column":23},"end":{"line":10,"column":65}},"4":{"start":{"line":11,"column":2},"end":{"line":11,"column":41}},"5":{"start":{"line":12,"column":2},"end":{"line":12,"column":24}},"6":{"start":{"line":18,"column":16},"end":{"line":18,"column":32}},"7":{"start":{"line":19,"column":2},"end":{"line":19,"column":29}},"8":{"start":{"line":20,"column":2},"end":{"line":20,"column":17}},"9":{"start":{"line":24,"column":16},"end":{"line":24,"column":34}},"10":{"start":{"line":25,"column":18},"end":{"line":25,"column":20}},"11":{"start":{"line":27,"column":2},"end":{"line":34,"column":3}},"12":{"start":{"line":28,"column":4},"end":{"line":28,"column":31}},"13":{"start":{"line":29,"column":9},"end":{"line":34,"column":3}},"14":{"start":{"line":30,"column":4},"end":{"line":30,"column":32}},"15":{"start":{"line":32,"column":4},"end":{"line":32,"column":54}},"16":{"start":{"line":33,"column":4},"end":{"line":33,"column":51}},"17":{"start":{"line":35,"column":2},"end":{"line":35,"column":19}},"18":{"start":{"line":39,"column":16},"end":{"line":39,"column":34}},"19":{"start":{"line":40,"column":21},"end":{"line":40,"column":43}},"20":{"start":{"line":42,"column":2},"end":{"line":42,"column":55}},"21":{"start":{"line":49,"column":22},"end":{"line":49,"column":28}},"22":{"start":{"line":51,"column":2},"end":{"line":53,"column":3}},"23":{"start":{"line":52,"column":4},"end":{"line":52,"column":41}},"24":{"start":{"line":55,"column":2},"end":{"line":57,"column":3}},"25":{"start":{"line":56,"column":4},"end":{"line":56,"column":41}},"26":{"start":{"line":59,"column":2},"end":{"line":59,"column":23}},"27":{"start":{"line":63,"column":18},"end":{"line":63,"column":20}},"28":{"start":{"line":65,"column":2},"end":{"line":67,"column":3}},"29":{"start":{"line":66,"column":4},"end":{"line":66,"column":49}},"30":{"start":{"line":69,"column":2},"end":{"line":75,"column":3}},"31":{"start":{"line":70,"column":4},"end":{"line":74,"column":5}},"32":{"start":{"line":71,"column":6},"end":{"line":71,"column":69}},"33":{"start":{"line":73,"column":6},"end":{"line":73,"column":71}},"34":{"start":{"line":76,"column":2},"end":{"line":76,"column":19}},"35":{"start":{"line":79,"column":0},"end":{"line":87,"column":2}}},"fnMap":{"0":{"name":"isNotNull","decl":{"start":{"line":1,"column":9},"end":{"line":1,"column":18}},"loc":{"start":{"line":1,"column":28},"end":{"line":7,"column":1}},"line":1},"1":{"name":"sanatize","decl":{"start":{"line":9,"column":9},"end":{"line":9,"column":17}},"loc":{"start":{"line":9,"column":26},"end":{"line":13,"column":1}},"line":9},"2":{"name":"gitLikeAddComment","decl":{"start":{"line":17,"column":9},"end":{"line":17,"column":26}},"loc":{"start":{"line":17,"column":35},"end":{"line":21,"column":1}},"line":17},"3":{"name":"gitLikeAddEntryNoEscape","decl":{"start":{"line":23,"column":9},"end":{"line":23,"column":32}},"loc":{"start":{"line":23,"column":51},"end":{"line":36,"column":1}},"line":23},"4":{"name":"gitLikeAddEntryEscape","decl":{"start":{"line":38,"column":9},"end":{"line":38,"column":30}},"loc":{"start":{"line":38,"column":49},"end":{"line":43,"column":1}},"line":38},"5":{"name":"gitLikeEscape","decl":{"start":{"line":45,"column":9},"end":{"line":45,"column":22}},"loc":{"start":{"line":45,"column":31},"end":{"line":60,"column":1}},"line":45},"6":{"name":"gitLikeInjest","decl":{"start":{"line":62,"column":9},"end":{"line":62,"column":22}},"loc":{"start":{"line":62,"column":39},"end":{"line":77,"column":1}},"line":62}},"branchMap":{"0":{"loc":{"start":{"line":2,"column":2},"end":{"line":6,"column":3}},"type":"if","locations":[{"start":{"line":2,"column":2},"end":{"line":6,"column":3}},{"start":{"line":4,"column":9},"end":{"line":6,"column":3}}],"line":2},"1":{"loc":{"start":{"line":27,"column":2},"end":{"line":34,"column":3}},"type":"if","locations":[{"start":{"line":27,"column":2},"end":{"line":34,"column":3}},{"start":{"line":29,"column":9},"end":{"line":34,"column":3}}],"line":27},"2":{"loc":{"start":{"line":29,"column":9},"end":{"line":34,"column":3}},"type":"if","locations":[{"start":{"line":29,"column":9},"end":{"line":34,"column":3}},{"start":{"line":31,"column":9},"end":{"line":34,"column":3}}],"line":29},"3":{"loc":{"start":{"line":51,"column":2},"end":{"line":53,"column":3}},"type":"if","locations":[{"start":{"line":51,"column":2},"end":{"line":53,"column":3}},{"start":{},"end":{}}],"line":51},"4":{"loc":{"start":{"line":55,"column":2},"end":{"line":57,"column":3}},"type":"if","locations":[{"start":{"line":55,"column":2},"end":{"line":57,"column":3}},{"start":{},"end":{}}],"line":55},"5":{"loc":{"start":{"line":65,"column":2},"end":{"line":67,"column":3}},"type":"if","locations":[{"start":{"line":65,"column":2},"end":{"line":67,"column":3}},{"start":{},"end":{}}],"line":65},"6":{"loc":{"start":{"line":69,"column":2},"end":{"line":75,"column":3}},"type":"if","locations":[{"start":{"line":69,"column":2},"end":{"line":75,"column":3}},{"start":{},"end":{}}],"line":69},"7":{"loc":{"start":{"line":69,"column":6},"end":{"line":69,"column":56}},"type":"binary-expr","locations":[{"start":{"line":69,"column":6},"end":{"line":69,"column":28}},{"start":{"line":69,"column":32},"end":{"line":69,"column":56}}],"line":69},"8":{"loc":{"start":{"line":70,"column":4},"end":{"line":74,"column":5}},"type":"if","locations":[{"start":{"line":70,"column":4},"end":{"line":74,"column":5}},{"start":{"line":72,"column":11},"end":{"line":74,"column":5}}],"line":70}},"s":{"0":9,"1":7,"2":2,"3":15,"4":15,"5":15,"6":3,"7":3,"8":3,"9":8,"10":8,"11":8,"12":6,"13":2,"14":1,"15":1,"16":1,"17":8,"18":3,"19":3,"20":3,"21":3,"22":3,"23":1,"24":3,"25":1,"26":3,"27":2,"28":2,"29":2,"30":2,"31":2,"32":1,"33":1,"34":2,"35":1},"f":{"0":9,"1":15,"2":3,"3":8,"4":3,"5":3,"6":2},"b":{"0":[7,2],"1":[6,2],"2":[1,1],"3":[1,2],"4":[1,2],"5":[2,0],"6":[2,0],"7":[2,2],"8":[1,1]},"_coverageSchema":"1a1c01bbd47fc00a2c39e90264f33305004495a9","hash":"b69cda1d168c19f019a6a8483acf1b732d08c168"}
}
