TN:
SF:src/parsers/helpers.js
FN:1,isNotNull
FN:9,sanatize
FN:17,gitLikeAddComment
FN:23,gitLikeAddEntryNoEscape
FN:35,gitLikeAddEntryEscape
FN:42,gitLikeEscape
FN:59,gitLikeInjest
FNF:7
FNH:3
FNDA:1,isNotNull
FNDA:1,sanatize
FNDA:1,gitLikeAddComment
FNDA:0,gitLikeAddEntryNoEscape
FNDA:0,gitLikeAddEntryEscape
FNDA:0,gitLikeEscape
FNDA:0,gitLikeInjest
DA:2,1
DA:3,1
DA:5,0
DA:10,1
DA:11,1
DA:12,1
DA:18,1
DA:19,1
DA:20,1
DA:24,0
DA:25,0
DA:27,0
DA:28,0
DA:29,0
DA:30,0
DA:32,0
DA:36,0
DA:37,0
DA:39,0
DA:46,0
DA:48,0
DA:49,0
DA:52,0
DA:53,0
DA:56,0
DA:60,0
DA:62,0
DA:63,0
DA:66,0
DA:67,0
DA:68,0
DA:70,0
DA:73,0
DA:76,1
LF:34
LH:9
BRDA:2,0,0,1
BRDA:2,0,1,0
BRDA:27,1,0,0
BRDA:27,1,1,0
BRDA:29,2,0,0
BRDA:29,2,1,0
BRDA:48,3,0,0
BRDA:48,3,1,0
BRDA:52,4,0,0
BRDA:52,4,1,0
BRDA:62,5,0,0
BRDA:62,5,1,0
BRDA:66,6,0,0
BRDA:66,6,1,0
BRDA:66,7,0,0
BRDA:66,7,1,0
BRDA:67,8,0,0
BRDA:67,8,1,0
BRF:18
BRH:1
end_of_record
